Author of the file: Butchi Venkata Akhil Rao 
 Date and time of creation of test Request is: 9/18/2017 7:23:45 PM
Language in which source files are written is: C#
Time of Building the Project is: 10/15/2017 6:30:16 PM
Microsoft (R) Visual C# Compiler version 4.7.2046.0
for C# 5
Copyright (C) Microsoft Corporation. All rights reserved.

This compiler is provided as part of the Microsoft (R) .NET Framework, but only supports language versions up to C# 5, which is no longer the latest version. For compilers that support newer versions of the C# programming language, see http://go.microsoft.com/fwlink/?LinkID=533240

c:\Users\rmuth\Desktop\SMA\Project2_431658501\BuildStorage\TestDriver.cs(19,18): warning CS0219: The variable 'result' is assigned but its value is never used

BUILD SUCCESS

Author of the file:  Butchi Venkata Akhil Rao 
 Date and time of creation of test Request is: 9/25/2017 7:23:45 PM
Language in which source files are written is: C#
Time of Building the Project is: 10/15/2017 6:30:16 PM
Microsoft (R) Visual C# Compiler version 4.7.2046.0
for C# 5
Copyright (C) Microsoft Corporation. All rights reserved.

This compiler is provided as part of the Microsoft (R) .NET Framework, but only supports language versions up to C# 5, which is no longer the latest version. For compilers that support newer versions of the C# programming language, see http://go.microsoft.com/fwlink/?LinkID=533240

c:\Users\rmuth\Desktop\SMA\Project2_431658501\BuildStorage\TestDriver1.cs(18,18): warning CS0219: The variable 'result' is assigned but its value is never used

BUILD SUCCESS

Author of the file:  Butchi Venkata Akhil Rao 
 Date and time of creation of test Request is: 9/25/2017 7:23:45 PM
Language in which source files are written is: C#
Time of Building the Project is: 10/15/2017 6:30:17 PM
Microsoft (R) Visual C# Compiler version 4.7.2046.0
for C# 5
Copyright (C) Microsoft Corporation. All rights reserved.

This compiler is provided as part of the Microsoft (R) .NET Framework, but only supports language versions up to C# 5, which is no longer the latest version. For compilers that support newer versions of the C# programming language, see http://go.microsoft.com/fwlink/?LinkID=533240

c:\Users\rmuth\Desktop\SMA\Project2_431658501\BuildStorage\Tested3.cs(13,24): error CS1002: ; expected
c:\Users\rmuth\Desktop\SMA\Project2_431658501\BuildStorage\TestDriver2.cs(17,34): error CS1002: ; expected

BUILD FAILED

Author of the file:  Jim Fawcett
 Date and time of creation of test Request is: 9/7/2017 7:23:45 PM
Language in which source files are written is: java
Time of Building the Project is: 10/15/2017 6:30:18 PM

BUILD SUCCESS
